<?xml version="1.0" encoding="UTF-8"?>
<!-- Generated by org.testng.reporters.JUnitXMLReporter -->
<testsuite ignored="0" hostname="LAPTOP-H8GD1N65" failures="0" tests="3" name="Default test" time="6.817" errors="0" timestamp="2023-10-18T23:17:26 IST">
  <testcase classname="FileReadingandWriting.FileReading" name="reading" time="0.007"/>
  <testcase classname="FileReadingandWriting.FileReading" name="writing" time="0.003"/>
  <testcase classname="FileReadingandWriting.FileReading" name="readingconfig" time="6.781"/>
</testsuite> <!-- Default test -->
