<?xml version="1.0" encoding="UTF-8"?>
<testng-results ignored="0" total="1" passed="1" failed="0" skipped="0">
  <reporter-output>
  </reporter-output>
  <suite started-at="2023-08-08T22:59:32 IST" name="Default suite" finished-at="2023-08-08T22:59:57 IST" duration-ms="24809">
    <groups>
    </groups>
    <test started-at="2023-08-08T22:59:32 IST" name="Default test" finished-at="2023-08-08T22:59:57 IST" duration-ms="24809">
      <class name="practisepage.justpractice">
        <test-method signature="startedtesting()[pri:0, instance:practisepage.justpractice@1623b78d]" started-at="2023-08-08T22:59:32 IST" name="startedtesting" finished-at="2023-08-08T22:59:57 IST" duration-ms="24765" status="PASS">
          <reporter-output>
          </reporter-output>
        </test-method> <!-- startedtesting -->
      </class> <!-- practisepage.justpractice -->
    </test> <!-- Default test -->
  </suite> <!-- Default suite -->
</testng-results>
